#
# There is insufficient memory for the Java Runtime Environment to continue.
# Native memory allocation (malloc) failed to allocate 1274096 bytes for Chunk::new
# Possible reasons:
#   The system is out of physical RAM or swap space
#   The process is running with CompressedOops enabled, and the Java Heap may be blocking the growth of the native heap
# Possible solutions:
#   Reduce memory load on the system
#   Increase physical memory or swap space
#   Check if swap backing store is full
#   Decrease Java heap size (-Xmx/-Xms)
#   Decrease number of Java threads
#   Decrease Java thread stack sizes (-Xss)
#   Set larger code cache with -XX:ReservedCodeCacheSize=
#   JVM is running with Unscaled Compressed Oops mode in which the Java heap is
#     placed in the first 4GB address space. The Java Heap base address is the
#     maximum limit for the native heap growth. Please use -XX:HeapBaseMinAddress
#     to set the Java Heap base and to place the Java Heap above 4GB virtual address.
# This output file may be truncated or incomplete.
#
#  Out of Memory Error (./open/src/hotspot/share/memory/arena.cpp:197), pid=5952, tid=16428
#
# JRE version: Java(TM) SE Runtime Environment 18.9 (11.0.18+9) (build 11.0.18+9-LTS-195)
# Java VM: Java HotSpot(TM) 64-Bit Server VM 18.9 (11.0.18+9-LTS-195, mixed mode, tiered, compressed oops, g1 gc, windows-amd64)
# No core dump will be written. Minidumps are not enabled by default on client versions of Windows
#

---------------  S U M M A R Y ------------

Command Line: -ea -Dfile.encoding=UTF-8 -Dstdout.encoding=UTF-8 -Dstderr.encoding=UTF-8 org.testng.remote.RemoteTestNG -serport 64719 -protocol json -d C:\Users\sagar\Downloads\Softwares\eclipse-jee-2023-06-R-win32-x86_64\JavaClass\Ecom\test-output C:\Users\sagar\Downloads\Softwares\eclipse-jee-2023-06-R-win32-x86_64\JavaClass\Ecom\testng.xml

Host: AMD Ryzen 5 5600H with Radeon Graphics         , 12 cores, 7G,  Windows 11 , 64 bit Build 22621 (10.0.22621.4391)
Time: Sun Dec 15 20:24:46 2024 India Standard Time elapsed time: 7.390399 seconds (0d 0h 0m 7s)

---------------  T H R E A D  ---------------

Current thread (0x0000016e9af0d800):  JavaThread "C2 CompilerThread0" daemon [_thread_in_native, id=16428, stack(0x00000062b3f00000,0x00000062b4000000)]


Current CompileTask:
C2:   7390 3021   !   4       jdk.internal.loader.BuiltinClassLoader::loadClassOrNull (143 bytes)

Stack: [0x00000062b3f00000,0x00000062b4000000]
Native frames: (J=compiled Java code, j=interpreted, Vv=VM code, C=native code)
V  [jvm.dll+0x65d8aa]
V  [jvm.dll+0x79fc1f]
V  [jvm.dll+0x7a12e9]
V  [jvm.dll+0x7a1983]
V  [jvm.dll+0x2585b5]
V  [jvm.dll+0xb284c]
V  [jvm.dll+0xb2e0c]
V  [jvm.dll+0x365ddf]
V  [jvm.dll+0x1a2232]
V  [jvm.dll+0x2114fd]
V  [jvm.dll+0x210378]
V  [jvm.dll+0x18c641]
V  [jvm.dll+0x220609]
V  [jvm.dll+0x21e92c]
V  [jvm.dll+0x763f61]
V  [jvm.dll+0x75c924]
V  [jvm.dll+0x65c755]
C  [ucrtbase.dll+0x29333]
C  [KERNEL32.DLL+0x1259d]
C  [ntdll.dll+0x5af38]


---------------  P R O C E S S  ---------------

Threads class SMR info:
_java_thread_list=0x0000016e9e8f4510, length=34, elements={
0x0000016efd064800, 0x0000016e9aef1800, 0x0000016e9aefa000, 0x0000016e9af07800,
0x0000016e9af08800, 0x0000016e9af0c800, 0x0000016e9af0d800, 0x0000016e9b85f800,
0x0000016e9b863000, 0x0000016e9ba00800, 0x0000016e9c02b000, 0x0000016e9c8fb000,
0x0000016e9c7ad800, 0x0000016e9c920800, 0x0000016e9c921800, 0x0000016e9c816800,
0x0000016e9cae0800, 0x0000016e9c8aa800, 0x0000016e9c8ab000, 0x0000016e9c7d1000,
0x0000016e9c7d2000, 0x0000016e9c7d2800, 0x0000016e9c7d3800, 0x0000016e9c7d4800,
0x0000016e9c7d7800, 0x0000016e9c7d5000, 0x0000016e9c7d6000, 0x0000016e9ea05800,
0x0000016e9ea02000, 0x0000016e9ea00800, 0x0000016e9ea03000, 0x0000016e9ea04800,
0x0000016e9ea06800, 0x0000016e9ea04000
}

Java Threads: ( => current thread )
  0x0000016efd064800 JavaThread "main" [_thread_in_native, id=24072, stack(0x00000062b3300000,0x00000062b3400000)]
  0x0000016e9aef1800 JavaThread "Reference Handler" daemon [_thread_blocked, id=25732, stack(0x00000062b3a00000,0x00000062b3b00000)]
  0x0000016e9aefa000 JavaThread "Finalizer" daemon [_thread_blocked, id=6704, stack(0x00000062b3b00000,0x00000062b3c00000)]
  0x0000016e9af07800 JavaThread "Signal Dispatcher" daemon [_thread_blocked, id=19064, stack(0x00000062b3c00000,0x00000062b3d00000)]
  0x0000016e9af08800 JavaThread "Attach Listener" daemon [_thread_blocked, id=11952, stack(0x00000062b3d00000,0x00000062b3e00000)]
  0x0000016e9af0c800 JavaThread "Service Thread" daemon [_thread_blocked, id=24956, stack(0x00000062b3e00000,0x00000062b3f00000)]
=>0x0000016e9af0d800 JavaThread "C2 CompilerThread0" daemon [_thread_in_native, id=16428, stack(0x00000062b3f00000,0x00000062b4000000)]
  0x0000016e9b85f800 JavaThread "C1 CompilerThread0" daemon [_thread_blocked, id=23460, stack(0x00000062b4000000,0x00000062b4100000)]
  0x0000016e9b863000 JavaThread "Sweeper thread" daemon [_thread_blocked, id=3368, stack(0x00000062b4100000,0x00000062b4200000)]
  0x0000016e9ba00800 JavaThread "Common-Cleaner" daemon [_thread_blocked, id=19504, stack(0x00000062b4300000,0x00000062b4400000)]
  0x0000016e9c02b000 JavaThread "ReaderThread" [_thread_in_native, id=4728, stack(0x00000062b4600000,0x00000062b4700000)]
  0x0000016e9c8fb000 JavaThread "ForkJoinPool.commonPool-worker-19" daemon [_thread_blocked, id=19428, stack(0x00000062b4b00000,0x00000062b4c00000)]
  0x0000016e9c7ad800 JavaThread "ForkJoinPool.commonPool-worker-5" daemon [_thread_blocked, id=20256, stack(0x00000062b4c00000,0x00000062b4d00000)]
  0x0000016e9c920800 JavaThread "ForkJoinPool.commonPool-worker-23" daemon [_thread_blocked, id=4176, stack(0x00000062b4d00000,0x00000062b4e00000)]
  0x0000016e9c921800 JavaThread "ForkJoinPool.commonPool-worker-9" daemon [_thread_blocked, id=5160, stack(0x00000062b4e00000,0x00000062b4f00000)]
  0x0000016e9c816800 JavaThread "ForkJoinPool.commonPool-worker-27" daemon [_thread_blocked, id=19912, stack(0x00000062b4f00000,0x00000062b5000000)]
  0x0000016e9cae0800 JavaThread "ForkJoinPool.commonPool-worker-17" daemon [_thread_blocked, id=18704, stack(0x00000062b5000000,0x00000062b5100000)]
  0x0000016e9c8aa800 JavaThread "ForkJoinPool.commonPool-worker-31" daemon [_thread_blocked, id=10440, stack(0x00000062b5100000,0x00000062b5200000)]
  0x0000016e9c8ab000 JavaThread "ForkJoinPool.commonPool-worker-13" daemon [_thread_blocked, id=20444, stack(0x00000062b5200000,0x00000062b5300000)]
  0x0000016e9c7d1000 JavaThread "ForkJoinPool.commonPool-worker-21" daemon [_thread_blocked, id=23052, stack(0x00000062b5300000,0x00000062b5400000)]
  0x0000016e9c7d2000 JavaThread "ForkJoinPool.commonPool-worker-3" daemon [_thread_blocked, id=10592, stack(0x00000062b5400000,0x00000062b5500000)]
  0x0000016e9c7d2800 JavaThread "ForkJoinPool.commonPool-worker-7" daemon [_thread_blocked, id=3508, stack(0x00000062b5500000,0x00000062b5600000)]
  0x0000016e9c7d3800 JavaThread "HttpClient-1-SelectorManager" daemon [_thread_in_native, id=2740, stack(0x00000062b5800000,0x00000062b5900000)]
  0x0000016e9c7d4800 JavaThread "External Process Output Forwarder - C:\Users\sagar\.cache\selenium\chromedriver\win64\131.0.6778.108\chromedriver.exe" daemon [_thread_in_native, id=11744, stack(0x00000062b5900000,0x00000062b5a00000)]
  0x0000016e9c7d7800 JavaThread "Driver Service Executor" daemon [_thread_blocked, id=13572, stack(0x00000062b5a00000,0x00000062b5b00000)]
  0x0000016e9c7d5000 JavaThread "Driver Service Executor" daemon [_thread_in_native, id=12844, stack(0x00000062b5b00000,0x00000062b5c00000)]
  0x0000016e9c7d6000 JavaThread "UrlChecker-2" daemon [_thread_blocked, id=21560, stack(0x00000062b5c00000,0x00000062b5d00000)]
  0x0000016e9ea05800 JavaThread "JdkHttpClient-0-0" daemon [_thread_blocked, id=25368, stack(0x00000062b5e00000,0x00000062b5f00000)]
  0x0000016e9ea02000 JavaThread "JdkHttpClient-0-1" daemon [_thread_blocked, id=15892, stack(0x00000062b5f00000,0x00000062b6000000)]
  0x0000016e9ea00800 JavaThread "JdkHttpClient-0-2" daemon [_thread_blocked, id=26484, stack(0x00000062b6000000,0x00000062b6100000)]
  0x0000016e9ea03000 JavaThread "HttpClient-2-SelectorManager" daemon [_thread_in_native, id=8164, stack(0x00000062b4a00000,0x00000062b4b00000)]
  0x0000016e9ea04800 JavaThread "JdkHttpClient-1-0" daemon [_thread_blocked, id=12588, stack(0x00000062b6100000,0x00000062b6200000)]
  0x0000016e9ea06800 JavaThread "JdkHttpClient-1-1" daemon [_thread_blocked, id=2188, stack(0x00000062b6200000,0x00000062b6300000)]
  0x0000016e9ea04000 JavaThread "JdkHttpClient-1-2" daemon [_thread_blocked, id=10752, stack(0x00000062b6300000,0x00000062b6400000)]

Other Threads:
  0x0000016e9aece800 VMThread "VM Thread" [stack: 0x00000062b3900000,0x00000062b3a00000] [id=4640]
  0x0000016e9b9f3000 WatcherThread [stack: 0x00000062b4200000,0x00000062b4300000] [id=24704]
  0x0000016efd079000 GCTaskThread "GC Thread#0" [stack: 0x00000062b3400000,0x00000062b3500000] [id=24984]
  0x0000016e9c87c800 GCTaskThread "GC Thread#1" [stack: 0x00000062b4700000,0x00000062b4800000] [id=8548]
  0x0000016e9c87d000 GCTaskThread "GC Thread#2" [stack: 0x00000062b4800000,0x00000062b4900000] [id=21784]
  0x0000016e9c87d800 GCTaskThread "GC Thread#3" [stack: 0x00000062b4900000,0x00000062b4a00000] [id=1320]
  0x0000016efd0a2800 ConcurrentGCThread "G1 Main Marker" [stack: 0x00000062b3500000,0x00000062b3600000] [id=22176]
  0x0000016efd0a5000 ConcurrentGCThread "G1 Conc#0" [stack: 0x00000062b3600000,0x00000062b3700000] [id=26564]
  0x0000016e9d2b0000 ConcurrentGCThread "G1 Conc#1" [stack: 0x00000062b5600000,0x00000062b5700000] [id=22668]
  0x0000016e9c9fc000 ConcurrentGCThread "G1 Conc#2" [stack: 0x00000062b5700000,0x00000062b5800000] [id=23100]
  0x0000016e9ad32800 ConcurrentGCThread "G1 Refine#0" [stack: 0x00000062b3700000,0x00000062b3800000] [id=25668]
  0x0000016e9ad34800 ConcurrentGCThread "G1 Young RemSet Sampling" [stack: 0x00000062b3800000,0x00000062b3900000] [id=3116]

Threads with active compile tasks:
C2 CompilerThread0     7415 3021   !   4       jdk.internal.loader.BuiltinClassLoader::loadClassOrNull (143 bytes)

VM state:not at safepoint (normal execution)

VM Mutex/Monitor currently owned by a thread: None

Heap address: 0x000000008a800000, size: 1880 MB, Compressed Oops mode: 32-bit
Narrow klass base: 0x0000000000000000, Narrow klass shift: 3
Compressed class space size: 1073741824 Address: 0x0000000100000000

Heap:
 garbage-first heap   total 120832K, used 17186K [0x000000008a800000, 0x0000000100000000)
  region size 1024K, 6 young (6144K), 5 survivors (5120K)
 Metaspace       used 36779K, capacity 38227K, committed 38272K, reserved 1083392K
  class space    used 4292K, capacity 4948K, committed 4992K, reserved 1048576K
Heap Regions: E=young(eden), S=young(survivor), O=old, HS=humongous(starts), HC=humongous(continues), CS=collection set, F=free, A=archive, TAMS=top-at-mark-start (previous, next)
|   0|0x000000008a800000, 0x000000008a900000, 0x000000008a900000|100%| O|  |TAMS 0x000000008a900000, 0x000000008a800000| Untracked 
|   1|0x000000008a900000, 0x000000008aa00000, 0x000000008aa00000|100%| O|  |TAMS 0x000000008aa00000, 0x000000008a900000| Untracked 
|   2|0x000000008aa00000, 0x000000008ab00000, 0x000000008ab00000|100%| O|  |TAMS 0x000000008ab00000, 0x000000008aa00000| Untracked 
|   3|0x000000008ab00000, 0x000000008ac00000, 0x000000008ac00000|100%| O|  |TAMS 0x000000008ac00000, 0x000000008ab00000| Untracked 
|   4|0x000000008ac00000, 0x000000008ad00000, 0x000000008ad00000|100%| O|  |TAMS 0x000000008ad00000, 0x000000008ac00000| Untracked 
|   5|0x000000008ad00000, 0x000000008ae00000, 0x000000008ae00000|100%| O|  |TAMS 0x000000008ae00000, 0x000000008ad00000| Untracked 
|   6|0x000000008ae00000, 0x000000008af00000, 0x000000008af00000|100%| O|  |TAMS 0x000000008af00000, 0x000000008ae00000| Untracked 
|   7|0x000000008af00000, 0x000000008b000000, 0x000000008b000000|100%| O|  |TAMS 0x000000008b000000, 0x000000008af00000| Untracked 
|   8|0x000000008b000000, 0x000000008b100000, 0x000000008b100000|100%| O|  |TAMS 0x000000008b100000, 0x000000008b000000| Untracked 
|   9|0x000000008b100000, 0x000000008b200000, 0x000000008b200000|100%| O|  |TAMS 0x000000008b162000, 0x000000008b100000| Untracked 
|  10|0x000000008b200000, 0x000000008b300000, 0x000000008b300000|100%| O|  |TAMS 0x000000008b200000, 0x000000008b200000| Untracked 
|  11|0x000000008b300000, 0x000000008b400000, 0x000000008b400000|100%| O|  |TAMS 0x000000008b300000, 0x000000008b300000| Untracked 
|  12|0x000000008b400000, 0x000000008b451c00, 0x000000008b500000| 31%| O|  |TAMS 0x000000008b400000, 0x000000008b400000| Untracked 
|  13|0x000000008b500000, 0x000000008b500000, 0x000000008b600000|  0%| F|  |TAMS 0x000000008b500000, 0x000000008b500000| Untracked 
|  14|0x000000008b600000, 0x000000008b600000, 0x000000008b700000|  0%| F|  |TAMS 0x000000008b600000, 0x000000008b600000| Untracked 
|  15|0x000000008b700000, 0x000000008b700000, 0x000000008b800000|  0%| F|  |TAMS 0x000000008b700000, 0x000000008b700000| Untracked 
|  16|0x000000008b800000, 0x000000008b800000, 0x000000008b900000|  0%| F|  |TAMS 0x000000008b800000, 0x000000008b800000| Untracked 
|  17|0x000000008b900000, 0x000000008b900000, 0x000000008ba00000|  0%| F|  |TAMS 0x000000008b900000, 0x000000008b900000| Untracked 
|  18|0x000000008ba00000, 0x000000008ba00000, 0x000000008bb00000|  0%| F|  |TAMS 0x000000008ba00000, 0x000000008ba00000| Untracked 
|  19|0x000000008bb00000, 0x000000008bb00000, 0x000000008bc00000|  0%| F|  |TAMS 0x000000008bb00000, 0x000000008bb00000| Untracked 
|  20|0x000000008bc00000, 0x000000008bc00000, 0x000000008bd00000|  0%| F|  |TAMS 0x000000008bc00000, 0x000000008bc00000| Untracked 
|  21|0x000000008bd00000, 0x000000008bd00000, 0x000000008be00000|  0%| F|  |TAMS 0x000000008bd00000, 0x000000008bd00000| Untracked 
|  22|0x000000008be00000, 0x000000008be00000, 0x000000008bf00000|  0%| F|  |TAMS 0x000000008be00000, 0x000000008be00000| Untracked 
|  23|0x000000008bf00000, 0x000000008bf00000, 0x000000008c000000|  0%| F|  |TAMS 0x000000008bf00000, 0x000000008bf00000| Untracked 
|  24|0x000000008c000000, 0x000000008c000000, 0x000000008c100000|  0%| F|  |TAMS 0x000000008c000000, 0x000000008c000000| Untracked 
|  25|0x000000008c100000, 0x000000008c100000, 0x000000008c200000|  0%| F|  |TAMS 0x000000008c100000, 0x000000008c100000| Untracked 
|  26|0x000000008c200000, 0x000000008c200000, 0x000000008c300000|  0%| F|  |TAMS 0x000000008c200000, 0x000000008c200000| Untracked 
|  27|0x000000008c300000, 0x000000008c300000, 0x000000008c400000|  0%| F|  |TAMS 0x000000008c300000, 0x000000008c300000| Untracked 
|  28|0x000000008c400000, 0x000000008c400000, 0x000000008c500000|  0%| F|  |TAMS 0x000000008c400000, 0x000000008c400000| Untracked 
|  29|0x000000008c500000, 0x000000008c500000, 0x000000008c600000|  0%| F|  |TAMS 0x000000008c500000, 0x000000008c500000| Untracked 
|  30|0x000000008c600000, 0x000000008c600000, 0x000000008c700000|  0%| F|  |TAMS 0x000000008c600000, 0x000000008c600000| Untracked 
|  31|0x000000008c700000, 0x000000008c700000, 0x000000008c800000|  0%| F|  |TAMS 0x000000008c700000, 0x000000008c700000| Untracked 
|  32|0x000000008c800000, 0x000000008c800000, 0x000000008c900000|  0%| F|  |TAMS 0x000000008c800000, 0x000000008c800000| Untracked 
|  33|0x000000008c900000, 0x000000008c900000, 0x000000008ca00000|  0%| F|  |TAMS 0x000000008c900000, 0x000000008c900000| Untracked 
|  34|0x000000008ca00000, 0x000000008ca00000, 0x000000008cb00000|  0%| F|  |TAMS 0x000000008ca00000, 0x000000008ca00000| Untracked 
|  35|0x000000008cb00000, 0x000000008cb00000, 0x000000008cc00000|  0%| F|  |TAMS 0x000000008cb00000, 0x000000008cb00000| Untracked 
|  36|0x000000008cc00000, 0x000000008cc00000, 0x000000008cd00000|  0%| F|  |TAMS 0x000000008cc00000, 0x000000008cc00000| Untracked 
|  37|0x000000008cd00000, 0x000000008cd00000, 0x000000008ce00000|  0%| F|  |TAMS 0x000000008cd00000, 0x000000008cd00000| Untracked 
|  38|0x000000008ce00000, 0x000000008ce00000, 0x000000008cf00000|  0%| F|  |TAMS 0x000000008ce00000, 0x000000008ce00000| Untracked 
|  39|0x000000008cf00000, 0x000000008cf00000, 0x000000008d000000|  0%| F|  |TAMS 0x000000008cf00000, 0x000000008cf00000| Untracked 
|  40|0x000000008d000000, 0x000000008d000000, 0x000000008d100000|  0%| F|  |TAMS 0x000000008d000000, 0x000000008d000000| Untracked 
|  41|0x000000008d100000, 0x000000008d100000, 0x000000008d200000|  0%| F|  |TAMS 0x000000008d100000, 0x000000008d100000| Untracked 
|  42|0x000000008d200000, 0x000000008d200000, 0x000000008d300000|  0%| F|  |TAMS 0x000000008d200000, 0x000000008d200000| Untracked 
|  43|0x000000008d300000, 0x000000008d300000, 0x000000008d400000|  0%| F|  |TAMS 0x000000008d300000, 0x000000008d300000| Untracked 
|  44|0x000000008d400000, 0x000000008d400000, 0x000000008d500000|  0%| F|  |TAMS 0x000000008d400000, 0x000000008d400000| Untracked 
|  45|0x000000008d500000, 0x000000008d500000, 0x000000008d600000|  0%| F|  |TAMS 0x000000008d500000, 0x000000008d500000| Untracked 
|  46|0x000000008d600000, 0x000000008d600000, 0x000000008d700000|  0%| F|  |TAMS 0x000000008d600000, 0x000000008d600000| Untracked 
|  47|0x000000008d700000, 0x000000008d700000, 0x000000008d800000|  0%| F|  |TAMS 0x000000008d700000, 0x000000008d700000| Untracked 
|  48|0x000000008d800000, 0x000000008d800000, 0x000000008d900000|  0%| F|  |TAMS 0x000000008d800000, 0x000000008d800000| Untracked 
|  49|0x000000008d900000, 0x000000008d900000, 0x000000008da00000|  0%| F|  |TAMS 0x000000008d900000, 0x000000008d900000| Untracked 
|  50|0x000000008da00000, 0x000000008da00000, 0x000000008db00000|  0%| F|  |TAMS 0x000000008da00000, 0x000000008da00000| Untracked 
|  51|0x000000008db00000, 0x000000008db00000, 0x000000008dc00000|  0%| F|  |TAMS 0x000000008db00000, 0x000000008db00000| Untracked 
|  52|0x000000008dc00000, 0x000000008dc76ef0, 0x000000008dd00000| 46%| S|CS|TAMS 0x000000008dc00000, 0x000000008dc00000| Complete 
|  53|0x000000008dd00000, 0x000000008de00000, 0x000000008de00000|100%| S|CS|TAMS 0x000000008dd00000, 0x000000008dd00000| Complete 
|  54|0x000000008de00000, 0x000000008df00000, 0x000000008df00000|100%| S|CS|TAMS 0x000000008de00000, 0x000000008de00000| Complete 
|  55|0x000000008df00000, 0x000000008e000000, 0x000000008e000000|100%| S|CS|TAMS 0x000000008df00000, 0x000000008df00000| Complete 
|  56|0x000000008e000000, 0x000000008e100000, 0x000000008e100000|100%| S|CS|TAMS 0x000000008e000000, 0x000000008e000000| Complete 
|  57|0x000000008e100000, 0x000000008e100000, 0x000000008e200000|  0%| F|  |TAMS 0x000000008e100000, 0x000000008e100000| Untracked 
|  58|0x000000008e200000, 0x000000008e200000, 0x000000008e300000|  0%| F|  |TAMS 0x000000008e200000, 0x000000008e200000| Untracked 
|  59|0x000000008e300000, 0x000000008e300000, 0x000000008e400000|  0%| F|  |TAMS 0x000000008e300000, 0x000000008e300000| Untracked 
|  60|0x000000008e400000, 0x000000008e400000, 0x000000008e500000|  0%| F|  |TAMS 0x000000008e400000, 0x000000008e400000| Untracked 
|  61|0x000000008e500000, 0x000000008e500000, 0x000000008e600000|  0%| F|  |TAMS 0x000000008e500000, 0x000000008e500000| Untracked 
|  62|0x000000008e600000, 0x000000008e600000, 0x000000008e700000|  0%| F|  |TAMS 0x000000008e600000, 0x000000008e600000| Untracked 
|  63|0x000000008e700000, 0x000000008e700000, 0x000000008e800000|  0%| F|  |TAMS 0x000000008e700000, 0x000000008e700000| Untracked 
|  64|0x000000008e800000, 0x000000008e800000, 0x000000008e900000|  0%| F|  |TAMS 0x000000008e800000, 0x000000008e800000| Untracked 
|  65|0x000000008e900000, 0x000000008e900000, 0x000000008ea00000|  0%| F|  |TAMS 0x000000008e900000, 0x000000008e900000| Untracked 
|  66|0x000000008ea00000, 0x000000008ea00000, 0x000000008eb00000|  0%| F|  |TAMS 0x000000008ea00000, 0x000000008ea00000| Untracked 
|  67|0x000000008eb00000, 0x000000008eb00000, 0x000000008ec00000|  0%| F|  |TAMS 0x000000008eb00000, 0x000000008eb00000| Untracked 
|  68|0x000000008ec00000, 0x000000008ec00000, 0x000000008ed00000|  0%| F|  |TAMS 0x000000008ec00000, 0x000000008ec00000| Untracked 
|  69|0x000000008ed00000, 0x000000008ed00000, 0x000000008ee00000|  0%| F|  |TAMS 0x000000008ed00000, 0x000000008ed00000| Untracked 
|  70|0x000000008ee00000, 0x000000008ee00000, 0x000000008ef00000|  0%| F|  |TAMS 0x000000008ee00000, 0x000000008ee00000| Untracked 
|  71|0x000000008ef00000, 0x000000008ef00000, 0x000000008f000000|  0%| F|  |TAMS 0x000000008ef00000, 0x000000008ef00000| Untracked 
|  72|0x000000008f000000, 0x000000008f000000, 0x000000008f100000|  0%| F|  |TAMS 0x000000008f000000, 0x000000008f000000| Untracked 
|  73|0x000000008f100000, 0x000000008f100000, 0x000000008f200000|  0%| F|  |TAMS 0x000000008f100000, 0x000000008f100000| Untracked 
|  74|0x000000008f200000, 0x000000008f200000, 0x000000008f300000|  0%| F|  |TAMS 0x000000008f200000, 0x000000008f200000| Untracked 
|  75|0x000000008f300000, 0x000000008f300000, 0x000000008f400000|  0%| F|  |TAMS 0x000000008f300000, 0x000000008f300000| Untracked 
|  76|0x000000008f400000, 0x000000008f400000, 0x000000008f500000|  0%| F|  |TAMS 0x000000008f400000, 0x000000008f400000| Untracked 
|  77|0x000000008f500000, 0x000000008f500000, 0x000000008f600000|  0%| F|  |TAMS 0x000000008f500000, 0x000000008f500000| Untracked 
|  78|0x000000008f600000, 0x000000008f600000, 0x000000008f700000|  0%| F|  |TAMS 0x000000008f600000, 0x000000008f600000| Untracked 
|  79|0x000000008f700000, 0x000000008f700000, 0x000000008f800000|  0%| F|  |TAMS 0x000000008f700000, 0x000000008f700000| Untracked 
|  80|0x000000008f800000, 0x000000008f800000, 0x000000008f900000|  0%| F|  |TAMS 0x000000008f800000, 0x000000008f800000| Untracked 
|  81|0x000000008f900000, 0x000000008f900000, 0x000000008fa00000|  0%| F|  |TAMS 0x000000008f900000, 0x000000008f900000| Untracked 
|  82|0x000000008fa00000, 0x000000008fa00000, 0x000000008fb00000|  0%| F|  |TAMS 0x000000008fa00000, 0x000000008fa00000| Untracked 
|  83|0x000000008fb00000, 0x000000008fb00000, 0x000000008fc00000|  0%| F|  |TAMS 0x000000008fb00000, 0x000000008fb00000| Untracked 
|  84|0x000000008fc00000, 0x000000008fc00000, 0x000000008fd00000|  0%| F|  |TAMS 0x000000008fc00000, 0x000000008fc00000| Untracked 
|  85|0x000000008fd00000, 0x000000008fd00000, 0x000000008fe00000|  0%| F|  |TAMS 0x000000008fd00000, 0x000000008fd00000| Untracked 
|  86|0x000000008fe00000, 0x000000008fe00000, 0x000000008ff00000|  0%| F|  |TAMS 0x000000008fe00000, 0x000000008fe00000| Untracked 
|  87|0x000000008ff00000, 0x000000008ff00000, 0x0000000090000000|  0%| F|  |TAMS 0x000000008ff00000, 0x000000008ff00000| Untracked 
|  88|0x0000000090000000, 0x0000000090000000, 0x0000000090100000|  0%| F|  |TAMS 0x0000000090000000, 0x0000000090000000| Untracked 
|  89|0x0000000090100000, 0x0000000090100000, 0x0000000090200000|  0%| F|  |TAMS 0x0000000090100000, 0x0000000090100000| Untracked 
|  90|0x0000000090200000, 0x0000000090200000, 0x0000000090300000|  0%| F|  |TAMS 0x0000000090200000, 0x0000000090200000| Untracked 
|  91|0x0000000090300000, 0x0000000090300000, 0x0000000090400000|  0%| F|  |TAMS 0x0000000090300000, 0x0000000090300000| Untracked 
|  92|0x0000000090400000, 0x0000000090400000, 0x0000000090500000|  0%| F|  |TAMS 0x0000000090400000, 0x0000000090400000| Untracked 
|  93|0x0000000090500000, 0x0000000090500000, 0x0000000090600000|  0%| F|  |TAMS 0x0000000090500000, 0x0000000090500000| Untracked 
|  94|0x0000000090600000, 0x0000000090600000, 0x0000000090700000|  0%| F|  |TAMS 0x0000000090600000, 0x0000000090600000| Untracked 
|  95|0x0000000090700000, 0x0000000090700000, 0x0000000090800000|  0%| F|  |TAMS 0x0000000090700000, 0x0000000090700000| Untracked 
|  96|0x0000000090800000, 0x0000000090800000, 0x0000000090900000|  0%| F|  |TAMS 0x0000000090800000, 0x0000000090800000| Untracked 
|  97|0x0000000090900000, 0x0000000090900000, 0x0000000090a00000|  0%| F|  |TAMS 0x0000000090900000, 0x0000000090900000| Untracked 
|  98|0x0000000090a00000, 0x0000000090a00000, 0x0000000090b00000|  0%| F|  |TAMS 0x0000000090a00000, 0x0000000090a00000| Untracked 
|  99|0x0000000090b00000, 0x0000000090b00000, 0x0000000090c00000|  0%| F|  |TAMS 0x0000000090b00000, 0x0000000090b00000| Untracked 
| 100|0x0000000090c00000, 0x0000000090c00000, 0x0000000090d00000|  0%| F|  |TAMS 0x0000000090c00000, 0x0000000090c00000| Untracked 
| 101|0x0000000090d00000, 0x0000000090d00000, 0x0000000090e00000|  0%| F|  |TAMS 0x0000000090d00000, 0x0000000090d00000| Untracked 
| 102|0x0000000090e00000, 0x0000000090e00000, 0x0000000090f00000|  0%| F|  |TAMS 0x0000000090e00000, 0x0000000090e00000| Untracked 
| 103|0x0000000090f00000, 0x0000000090f00000, 0x0000000091000000|  0%| F|  |TAMS 0x0000000090f00000, 0x0000000090f00000| Untracked 
| 104|0x0000000091000000, 0x0000000091000000, 0x0000000091100000|  0%| F|  |TAMS 0x0000000091000000, 0x0000000091000000| Untracked 
| 105|0x0000000091100000, 0x0000000091100000, 0x0000000091200000|  0%| F|  |TAMS 0x0000000091100000, 0x0000000091100000| Untracked 
| 106|0x0000000091200000, 0x0000000091200000, 0x0000000091300000|  0%| F|  |TAMS 0x0000000091200000, 0x0000000091200000| Untracked 
| 107|0x0000000091300000, 0x0000000091300000, 0x0000000091400000|  0%| F|  |TAMS 0x0000000091300000, 0x0000000091300000| Untracked 
| 108|0x0000000091400000, 0x0000000091400000, 0x0000000091500000|  0%| F|  |TAMS 0x0000000091400000, 0x0000000091400000| Untracked 
| 109|0x0000000091500000, 0x0000000091500000, 0x0000000091600000|  0%| F|  |TAMS 0x0000000091500000, 0x0000000091500000| Untracked 
| 110|0x0000000091600000, 0x0000000091600000, 0x0000000091700000|  0%| F|  |TAMS 0x0000000091600000, 0x0000000091600000| Untracked 
| 111|0x0000000091700000, 0x0000000091700000, 0x0000000091800000|  0%| F|  |TAMS 0x0000000091700000, 0x0000000091700000| Untracked 
| 112|0x0000000091800000, 0x0000000091800000, 0x0000000091900000|  0%| F|  |TAMS 0x0000000091800000, 0x0000000091800000| Untracked 
| 113|0x0000000091900000, 0x0000000091900000, 0x0000000091a00000|  0%| F|  |TAMS 0x0000000091900000, 0x0000000091900000| Untracked 
| 114|0x0000000091a00000, 0x0000000091a00000, 0x0000000091b00000|  0%| F|  |TAMS 0x0000000091a00000, 0x0000000091a00000| Untracked 
| 115|0x0000000091b00000, 0x0000000091b00000, 0x0000000091c00000|  0%| F|  |TAMS 0x0000000091b00000, 0x0000000091b00000| Untracked 
| 116|0x0000000091c00000, 0x0000000091c00000, 0x0000000091d00000|  0%| F|  |TAMS 0x0000000091c00000, 0x0000000091c00000| Untracked 
| 117|0x0000000091d00000, 0x0000000091e00000, 0x0000000091e00000|100%| E|  |TAMS 0x0000000091d00000, 0x0000000091d00000| Complete 

Card table byte_map: [0x0000016efda30000,0x0000016efdde0000] _byte_map_base: 0x0000016efd5dc000

Marking Bits (Prev, Next): (CMBitMap*) 0x0000016efd09a668, (CMBitMap*) 0x0000016efd09a6a0
 Prev Bits: [0x0000016efe190000, 0x0000016effef0000)
 Next Bits: [0x0000016e96600000, 0x0000016e98360000)

Polling page: 0x0000016efaf90000

Metaspace:

Usage:
  Non-class:     32.56 MB capacity,    31.73 MB ( 97%) used,   686.16 KB (  2%) free+waste,   165.81 KB ( <1%) overhead. 
      Class:      4.83 MB capacity,     4.19 MB ( 87%) used,   566.32 KB ( 11%) free+waste,    88.88 KB (  2%) overhead. 
       Both:     37.39 MB capacity,    35.92 MB ( 96%) used,     1.22 MB (  3%) free+waste,   254.69 KB ( <1%) overhead. 

Virtual space:
  Non-class space:       34.00 MB reserved,      32.75 MB ( 96%) committed 
      Class space:        1.00 GB reserved,       4.88 MB ( <1%) committed 
             Both:        1.03 GB reserved,      37.62 MB (  4%) committed 

Chunk freelists:
   Non-Class:  128 bytes
       Class:  1.50 KB
        Both:  1.62 KB

CodeHeap 'non-profiled nmethods': size=120000Kb used=1503Kb max_used=1503Kb free=118496Kb
 bounds [0x0000016e8f0d0000, 0x0000016e8f340000, 0x0000016e96600000]
CodeHeap 'profiled nmethods': size=120000Kb used=6641Kb max_used=6641Kb free=113358Kb
 bounds [0x0000016e87ba0000, 0x0000016e88220000, 0x0000016e8f0d0000]
CodeHeap 'non-nmethods': size=5760Kb used=1225Kb max_used=1235Kb free=4535Kb
 bounds [0x0000016e87600000, 0x0000016e87870000, 0x0000016e87ba0000]
 total_blobs=3720 nmethods=3120 adapters=511
 compilation: enabled
              stopped_count=0, restarted_count=0
 full_count=0

Compilation events (10 events):
Event: 7.382 Thread 0x0000016e9b85f800 3098       3       com.sun.org.apache.xerces.internal.utils.XMLSecurityManager$Limit::values (10 bytes)
Event: 7.383 Thread 0x0000016e9b85f800 nmethod 3098 0x0000016e88203690 code [0x0000016e88203840, 0x0000016e88203ac8]
Event: 7.383 Thread 0x0000016e9b85f800 3099       3       com.sun.org.apache.xerces.internal.impl.XMLScanner::setProperty (94 bytes)
Event: 7.383 Thread 0x0000016e9b85f800 nmethod 3099 0x0000016e88203b90 code [0x0000016e88203de0, 0x0000016e88204838]
Event: 7.383 Thread 0x0000016e9b85f800 3101       3       com.sun.org.apache.xerces.internal.impl.XMLEntityManager::getPropertyDefault (36 bytes)
Event: 7.383 Thread 0x0000016e9b85f800 nmethod 3101 0x0000016e88204b10 code [0x0000016e88204ce0, 0x0000016e88204f88]
Event: 7.383 Thread 0x0000016e9b85f800 3100       1       com.sun.org.apache.xerces.internal.utils.XMLSecurityManager$Limit::defaultValue (5 bytes)
Event: 7.383 Thread 0x0000016e9b85f800 nmethod 3100 0x0000016e8f246f10 code [0x0000016e8f2470a0, 0x0000016e8f247158]
Event: 7.385 Thread 0x0000016e9b85f800 3103       3       com.sun.org.apache.xerces.internal.utils.XMLSecurityManager$Limit::equalsAPIPropertyName (17 bytes)
Event: 7.385 Thread 0x0000016e9b85f800 nmethod 3103 0x0000016e88205110 code [0x0000016e882052c0, 0x0000016e88205448]

GC Heap History (8 events):
Event: 0.845 GC heap before
{Heap before GC invocations=0 (full 0):
 garbage-first heap   total 120832K, used 23552K [0x000000008a800000, 0x0000000100000000)
  region size 1024K, 24 young (24576K), 0 survivors (0K)
 Metaspace       used 14386K, capacity 14794K, committed 14976K, reserved 1062912K
  class space    used 1488K, capacity 1651K, committed 1664K, reserved 1048576K
}
Event: 0.850 GC heap after
{Heap after GC invocations=1 (full 0):
 garbage-first heap   total 120832K, used 7261K [0x000000008a800000, 0x0000000100000000)
  region size 1024K, 3 young (3072K), 3 survivors (3072K)
 Metaspace       used 14386K, capacity 14794K, committed 14976K, reserved 1062912K
  class space    used 1488K, capacity 1651K, committed 1664K, reserved 1048576K
}
Event: 1.319 GC heap before
{Heap before GC invocations=1 (full 0):
 garbage-first heap   total 120832K, used 55389K [0x000000008a800000, 0x0000000100000000)
  region size 1024K, 52 young (53248K), 3 survivors (3072K)
 Metaspace       used 20514K, capacity 21193K, committed 21248K, reserved 1069056K
  class space    used 2229K, capacity 2547K, committed 2560K, reserved 1048576K
}
Event: 1.325 GC heap after
{Heap after GC invocations=2 (full 0):
 garbage-first heap   total 120832K, used 9828K [0x000000008a800000, 0x0000000100000000)
  region size 1024K, 6 young (6144K), 6 survivors (6144K)
 Metaspace       used 20514K, capacity 21193K, committed 21248K, reserved 1069056K
  class space    used 2229K, capacity 2547K, committed 2560K, reserved 1048576K
}
Event: 1.612 GC heap before
{Heap before GC invocations=3 (full 0):
 garbage-first heap   total 120832K, used 34404K [0x000000008a800000, 0x0000000100000000)
  region size 1024K, 30 young (30720K), 6 survivors (6144K)
 Metaspace       used 23445K, capacity 24241K, committed 24448K, reserved 1071104K
  class space    used 2547K, capacity 2897K, committed 2944K, reserved 1048576K
}
Event: 1.619 GC heap after
{Heap after GC invocations=4 (full 0):
 garbage-first heap   total 120832K, used 12820K [0x000000008a800000, 0x0000000100000000)
  region size 1024K, 4 young (4096K), 4 survivors (4096K)
 Metaspace       used 23445K, capacity 24241K, committed 24448K, reserved 1071104K
  class space    used 2547K, capacity 2897K, committed 2944K, reserved 1048576K
}
Event: 7.135 GC heap before
{Heap before GC invocations=4 (full 0):
 garbage-first heap   total 120832K, used 59924K [0x000000008a800000, 0x0000000100000000)
  region size 1024K, 51 young (52224K), 4 survivors (4096K)
 Metaspace       used 34368K, capacity 35729K, committed 35840K, reserved 1081344K
  class space    used 3958K, capacity 4529K, committed 4608K, reserved 1048576K
}
Event: 7.141 GC heap after
{Heap after GC invocations=5 (full 0):
 garbage-first heap   total 120832K, used 15457K [0x000000008a800000, 0x0000000100000000)
  region size 1024K, 6 young (6144K), 6 survivors (6144K)
 Metaspace       used 34368K, capacity 35729K, committed 35840K, reserved 1081344K
  class space    used 3958K, capacity 4529K, committed 4608K, reserved 1048576K
}

Deoptimization events (10 events):
Event: 6.790 Thread 0x0000016efd064800 Uncommon trap: reason=unstable_if action=reinterpret pc=0x0000016e8f159178 method=java.lang.invoke.InvokerBytecodeGenerator.getInternalName(Ljava/lang/Class;)Ljava/lang/String; @ 12 c2
Event: 6.790 Thread 0x0000016efd064800 Uncommon trap: reason=unstable_if action=reinterpret pc=0x0000016e8f1941a0 method=jdk.internal.org.objectweb.asm.Frame.type(Ljdk/internal/org/objectweb/asm/ClassWriter;Ljava/lang/String;)I @ 28 c2
Event: 6.790 Thread 0x0000016efd064800 Uncommon trap: reason=class_check action=maybe_recompile pc=0x0000016e8f19cca8 method=java.lang.invoke.InvokerBytecodeGenerator.emitPushArgument(Ljava/lang/Class;Ljava/lang/Object;)V @ 6 c2
Event: 6.790 Thread 0x0000016efd064800 Uncommon trap: reason=class_check action=maybe_recompile pc=0x0000016e8f19cca8 method=java.lang.invoke.InvokerBytecodeGenerator.emitPushArgument(Ljava/lang/Class;Ljava/lang/Object;)V @ 6 c2
Event: 6.796 Thread 0x0000016efd064800 Uncommon trap: reason=unstable_if action=reinterpret pc=0x0000016e8f1639f4 method=java.util.jar.JarFile.getVersionedEntry(Ljava/lang/String;Ljava/util/jar/JarEntry;)Ljava/util/jar/JarEntry; @ 7 c2
Event: 6.827 Thread 0x0000016efd064800 Uncommon trap: reason=unstable_if action=reinterpret pc=0x0000016e8f1a544c method=java.util.HashMap.hash(Ljava/lang/Object;)I @ 1 c2
Event: 6.827 Thread 0x0000016efd064800 Uncommon trap: reason=unstable_if action=reinterpret pc=0x0000016e8f0e4dac method=java.util.HashMap.hash(Ljava/lang/Object;)I @ 1 c2
Event: 7.005 Thread 0x0000016efd064800 Uncommon trap: reason=unstable_if action=reinterpret pc=0x0000016e8f1c4414 method=java.util.regex.Pattern$BmpCharProperty.match(Ljava/util/regex/Matcher;ILjava/lang/CharSequence;)Z @ 5 c2
Event: 7.065 Thread 0x0000016efd064800 Uncommon trap: reason=null_check action=make_not_entrant pc=0x0000016e8f1ef230 method=java.util.Locale.equals(Ljava/lang/Object;)Z @ 8 c2
Event: 7.264 Thread 0x0000016efd064800 Uncommon trap: reason=unstable_if action=reinterpret pc=0x0000016e8f1d9e7c method=java.util.Properties$LineReader.readLine()I @ 221 c2

Classes redefined (0 events):
No events

Internal exceptions (10 events):
Event: 6.790 Thread 0x0000016efd064800 Exception <a 'java/lang/NoSuchMethodError'{0x000000008fd03b70}: java.lang.invoke.DelegatingMethodHandle$Holder.delegate(Ljava/lang/Object;Ljava/lang/Object;ILjava/lang/Object;)V> (0x000000008fd03b70) thrown at [./open/src/hotspot/share/interpreter/linkRes
Event: 6.791 Thread 0x0000016efd064800 Exception <a 'java/lang/NoSuchMethodError'{0x000000008fd0b348}: java.lang.invoke.DirectMethodHandle$Holder.invokeStaticInit(Ljava/lang/Object;Ljava/lang/Object;Ljava/lang/Object;)Ljava/lang/Object;> (0x000000008fd0b348) thrown at [./open/src/hotspot/share
Event: 6.802 Thread 0x0000016efd064800 Exception <a 'java/lang/IncompatibleClassChangeError'{0x000000008fd57b00}: Found class java.lang.Object, but interface was expected> (0x000000008fd57b00) thrown at [./open/src/hotspot/share/interpreter/linkResolver.cpp, line 838]
Event: 6.827 Thread 0x0000016efd064800 Implicit null exception at 0x0000016e8f1a4d9b to 0x0000016e8f1a5436
Event: 6.827 Thread 0x0000016efd064800 Implicit null exception at 0x0000016e8f0e4d2f to 0x0000016e8f0e4d9d
Event: 6.959 Thread 0x0000016efd064800 Exception <a 'java/lang/NoSuchMethodError'{0x000000008f48f658}: java.lang.invoke.DirectMethodHandle$Holder.invokeVirtual(Ljava/lang/Object;Ljava/lang/Object;Ljava/lang/Object;Ljava/lang/Object;)V> (0x000000008f48f658) thrown at [./open/src/hotspot/share/i
Event: 6.966 Thread 0x0000016efd064800 Exception <a 'java/lang/NoSuchMethodError'{0x000000008f4d34c8}: java.lang.invoke.DirectMethodHandle$Holder.invokeStatic(Ljava/lang/Object;Ljava/lang/Object;Ljava/lang/Object;I)V> (0x000000008f4d34c8) thrown at [./open/src/hotspot/share/interpreter/linkRes
Event: 6.966 Thread 0x0000016efd064800 Exception <a 'java/lang/NoSuchMethodError'{0x000000008f4d6520}: java.lang.invoke.DirectMethodHandle$Holder.invokeStaticInit(Ljava/lang/Object;Ljava/lang/Object;Ljava/lang/Object;I)V> (0x000000008f4d6520) thrown at [./open/src/hotspot/share/interpreter/lin
Event: 7.065 Thread 0x0000016efd064800 Implicit null exception at 0x0000016e8f1ef151 to 0x0000016e8f1ef220
Event: 7.071 Thread 0x0000016efd064800 Exception <a 'java/lang/NoSuchMethodError'{0x000000008efcf200}: java.lang.invoke.DirectMethodHandle$Holder.invokeStaticInit(Ljava/lang/Object;Ljava/lang/Object;II)Ljava/lang/Object;> (0x000000008efcf200) thrown at [./open/src/hotspot/share/interpreter/lin

Events (10 events):
Event: 7.387 loading class org/apache/xmlbeans/impl/store/ProcInstXobj
Event: 7.387 loading class org/apache/xmlbeans/impl/store/ProcInstXobj done
Event: 7.387 loading class org/w3c/dom/ProcessingInstruction
Event: 7.387 loading class org/w3c/dom/ProcessingInstruction done
Event: 7.387 loading class org/apache/xmlbeans/impl/store/CharUtil
Event: 7.387 loading class org/apache/xmlbeans/impl/store/CharUtil done
Event: 7.388 loading class org/apache/xmlbeans/impl/store/CharUtil$CharIterator
Event: 7.388 loading class org/apache/xmlbeans/impl/store/CharUtil$CharIterator done
Event: 7.388 loading class org/apache/xmlbeans/impl/store/DocumentFragXobj
Event: 7.388 loading class org/apache/xmlbeans/impl/store/DocumentFragXobj done


Dynamic libraries:
0x00007ff7d1ce0000 - 0x00007ff7d1cf0000 	C:\Program Files\Java\jdk-11\bin\javaw.exe
0x00007ffc24e70000 - 0x00007ffc25087000 	C:\windows\SYSTEM32\ntdll.dll
0x00007ffc231d0000 - 0x00007ffc23294000 	C:\windows\System32\KERNEL32.DLL
0x00007ffc225f0000 - 0x00007ffc229a9000 	C:\windows\System32\KERNELBASE.dll
0x00007ffc22400000 - 0x00007ffc22511000 	C:\windows\System32\ucrtbase.dll
0x00007ffc094e0000 - 0x00007ffc094f8000 	C:\Program Files\Java\jdk-11\bin\jli.dll
0x00007ffc09340000 - 0x00007ffc0935b000 	C:\Program Files\Java\jdk-11\bin\VCRUNTIME140.dll
0x00007ffc23500000 - 0x00007ffc235b2000 	C:\windows\System32\ADVAPI32.dll
0x00007ffc24140000 - 0x00007ffc241e7000 	C:\windows\System32\msvcrt.dll
0x00007ffc22c90000 - 0x00007ffc22d37000 	C:\windows\System32\sechost.dll
0x00007ffc223d0000 - 0x00007ffc223f8000 	C:\windows\System32\bcrypt.dll
0x00007ffc24920000 - 0x00007ffc24a34000 	C:\windows\System32\RPCRT4.dll
0x00007ffc23010000 - 0x00007ffc231be000 	C:\windows\System32\USER32.dll
0x00007ffc225c0000 - 0x00007ffc225e6000 	C:\windows\System32\win32u.dll
0x00007ffc0a8b0000 - 0x00007ffc0ab42000 	C:\windows\WinSxS\amd64_microsoft.windows.common-controls_6595b64144ccf1df_6.0.22621.4391_none_2715d37f73803e96\COMCTL32.dll
0x00007ffc234d0000 - 0x00007ffc234f9000 	C:\windows\System32\GDI32.dll
0x00007ffc229b0000 - 0x00007ffc22acb000 	C:\windows\System32\gdi32full.dll
0x00007ffc22520000 - 0x00007ffc225ba000 	C:\windows\System32\msvcp_win.dll
0x00007ffc1a340000 - 0x00007ffc1a34a000 	C:\windows\SYSTEM32\VERSION.dll
0x00007ffc22f80000 - 0x00007ffc22fb1000 	C:\windows\System32\IMM32.DLL
0x00007ffc1cec0000 - 0x00007ffc1cecc000 	C:\Program Files\Java\jdk-11\bin\vcruntime140_1.dll
0x00007ffbca750000 - 0x00007ffbca7de000 	C:\Program Files\Java\jdk-11\bin\msvcp140.dll
0x00007ffb81a70000 - 0x00007ffb825d8000 	C:\Program Files\Java\jdk-11\bin\server\jvm.dll
0x00007ffc234c0000 - 0x00007ffc234c8000 	C:\windows\System32\PSAPI.DLL
0x00007ffc1ce80000 - 0x00007ffc1ceb4000 	C:\windows\SYSTEM32\WINMM.dll
0x00007ffbf8b30000 - 0x00007ffbf8b39000 	C:\windows\SYSTEM32\WSOCK32.dll
0x00007ffc22d40000 - 0x00007ffc22db1000 	C:\windows\System32\WS2_32.dll
0x00007ffc21170000 - 0x00007ffc21188000 	C:\windows\SYSTEM32\kernel.appcore.dll
0x00007ffc1b750000 - 0x00007ffc1b760000 	C:\Program Files\Java\jdk-11\bin\verify.dll
0x00007ffc19660000 - 0x00007ffc19892000 	C:\windows\SYSTEM32\DBGHELP.DLL
0x00007ffc24aa0000 - 0x00007ffc24e2f000 	C:\windows\System32\combase.dll
0x00007ffc24060000 - 0x00007ffc24137000 	C:\windows\System32\OLEAUT32.dll
0x00007ffc17bf0000 - 0x00007ffc17c22000 	C:\windows\SYSTEM32\dbgcore.DLL
0x00007ffc221e0000 - 0x00007ffc2225b000 	C:\windows\System32\bcryptPrimitives.dll
0x00007ffc070b0000 - 0x00007ffc070d8000 	C:\Program Files\Java\jdk-11\bin\java.dll
0x00007ffc1b710000 - 0x00007ffc1b71a000 	C:\Program Files\Java\jdk-11\bin\jimage.dll
0x00007ffc07090000 - 0x00007ffc070a7000 	C:\Program Files\Java\jdk-11\bin\zip.dll
0x00007ffc237c0000 - 0x00007ffc24036000 	C:\windows\System32\SHELL32.dll
0x00007ffc20060000 - 0x00007ffc20963000 	C:\windows\SYSTEM32\windows.storage.dll
0x00007ffc1ff20000 - 0x00007ffc2005f000 	C:\windows\SYSTEM32\wintypes.dll
0x00007ffc22b90000 - 0x00007ffc22c89000 	C:\windows\System32\SHCORE.dll
0x00007ffc23460000 - 0x00007ffc234be000 	C:\windows\System32\shlwapi.dll
0x00007ffc220a0000 - 0x00007ffc220cb000 	C:\windows\SYSTEM32\profapi.dll
0x00007ffbf1e00000 - 0x00007ffbf1e19000 	C:\Program Files\Java\jdk-11\bin\net.dll
0x00007ffc1e430000 - 0x00007ffc1e566000 	C:\windows\SYSTEM32\WINHTTP.dll
0x00007ffc215f0000 - 0x00007ffc21659000 	C:\windows\system32\mswsock.dll
0x00007ffbe1be0000 - 0x00007ffbe1bf2000 	C:\Program Files\Java\jdk-11\bin\nio.dll
0x00007ffc20bf0000 - 0x00007ffc20cf2000 	C:\windows\SYSTEM32\DNSAPI.dll
0x00007ffc20bc0000 - 0x00007ffc20bed000 	C:\windows\SYSTEM32\IPHLPAPI.DLL
0x00007ffc24280000 - 0x00007ffc24289000 	C:\windows\System32\NSI.dll
0x00007ffc1e1d0000 - 0x00007ffc1e1da000 	C:\Windows\System32\rasadhlp.dll
0x00007ffc1cd70000 - 0x00007ffc1cdf3000 	C:\windows\System32\fwpuclnt.dll
0x00007ffc21820000 - 0x00007ffc2183b000 	C:\windows\SYSTEM32\CRYPTSP.dll
0x00007ffc210d0000 - 0x00007ffc21105000 	C:\windows\system32\rsaenh.dll
0x00007ffc216b0000 - 0x00007ffc216d8000 	C:\windows\SYSTEM32\USERENV.dll
0x00007ffc21810000 - 0x00007ffc2181c000 	C:\windows\SYSTEM32\CRYPTBASE.dll
0x00007ffc1d670000 - 0x00007ffc1d689000 	C:\windows\SYSTEM32\dhcpcsvc6.DLL
0x00007ffc1d600000 - 0x00007ffc1d61f000 	C:\windows\SYSTEM32\dhcpcsvc.DLL
0x00007ffc17e30000 - 0x00007ffc17e3d000 	C:\Program Files\Java\jdk-11\bin\sunmscapi.dll
0x00007ffc22260000 - 0x00007ffc223c6000 	C:\windows\System32\CRYPT32.dll
0x00007ffc21a20000 - 0x00007ffc21a4d000 	C:\windows\SYSTEM32\ncrypt.dll
0x00007ffc219e0000 - 0x00007ffc21a17000 	C:\windows\SYSTEM32\NTASN1.dll
0x00007ffbde8d0000 - 0x00007ffbde8f7000 	C:\Program Files\Java\jdk-11\bin\sunec.dll

dbghelp: loaded successfully - version: 4.0.5 - missing functions: none
symbol engine: initialized successfully - sym options: 0x614 - pdb path: .;C:\Program Files\Java\jdk-11\bin;C:\windows\SYSTEM32;C:\windows\WinSxS\amd64_microsoft.windows.common-controls_6595b64144ccf1df_6.0.22621.4391_none_2715d37f73803e96;C:\Program Files\Java\jdk-11\bin\server

VM Arguments:
jvm_args: -ea -Dfile.encoding=UTF-8 -Dstdout.encoding=UTF-8 -Dstderr.encoding=UTF-8 
java_command: org.testng.remote.RemoteTestNG -serport 64719 -protocol json -d C:\Users\sagar\Downloads\Softwares\eclipse-jee-2023-06-R-win32-x86_64\JavaClass\Ecom\test-output C:\Users\sagar\Downloads\Softwares\eclipse-jee-2023-06-R-win32-x86_64\JavaClass\Ecom\testng.xml
java_class_path (initial): C:\Users\sagar\Downloads\Softwares\eclipse-jee-2023-06-R-win32-x86_64\eclipse\configuration\org.eclipse.osgi\1835\0\.cp\lib\testng-remote.jar;C:\Users\sagar\Downloads\Softwares\eclipse-jee-2023-06-R-win32-x86_64\JavaClass\Ecom\target\test-classes;C:\Users\sagar\Downloads\Softwares\eclipse-jee-2023-06-R-win32-x86_64\JavaClass\Ecom\target\classes;C:\Users\sagar\Downloads\Softwares\eclipse-jee-2023-06-R-win32-x86_64\eclipse\plugins\org.testng_7.10.2.r202404291553.jar;C:\Users\sagar\Downloads\Softwares\eclipse-jee-2023-06-R-win32-x86_64\eclipse\plugins\com.beust.jcommander_1.82.0.jar;C:\Users\sagar\Downloads\Softwares\eclipse-jee-2023-06-R-win32-x86_64\eclipse\plugins\org.apache-extras.beanshell.bsh_2.0.0.b6.jar;C:\Users\sagar\Downloads\Softwares\eclipse-jee-2023-06-R-win32-x86_64\eclipse\plugins\org.yaml.snakeyaml_1.21.0.jar;C:\Users\sagar\Downloads\Softwares\eclipse-jee-2023-06-R-win32-x86_64\eclipse\plugins\org.webjars.jquery_3.7.1.jar;C:\Users\sagar\.m2\repository\junit\junit\3.8.1\junit-3.8.1.jar;C:\Users\sagar\.m2\repository\org\seleniumhq\selenium\selenium-java\4.25.0\selenium-java-4.25.0.jar;C:\Users\sagar\.m2\repository\org\seleniumhq\selenium\selenium-api\4.25.0\selenium-api-4.25.0.jar;C:\Users\sagar\.m2\repository\org\jspecify\jspecify\1.0.0\jspecify-1.0.0.jar;C:\Users\sagar\.m2\repository\org\seleniumhq\selenium\selenium-chrome-driver\4.25.0\selenium-chrome-driver-4.25.0.jar;C:\Users\sagar\.m2\repository\com\google\auto\service\auto-service-annotations\1.1.1\auto-service-annotations-1.1.1.jar;C:\Users\sagar\.m2\repository\org\seleniumhq\selenium\selenium-chromium-driver\4.25.0\selenium-chromium-driver-4.25.0.jar;C:\Users\sagar\.m2\repository\org\seleniumhq\selenium\selenium-json\4.25.0\selenium-json-4.25.0.jar;C:\Users\sagar\.m2\repository\org\seleniumhq\selenium\selenium-manager\4.25.0\selenium-manager-4.25.0.jar;C:\Users\sagar\.m2\repository\org\seleniumhq\selenium\selenium-devtools-v127\4.25.0\selenium-devtools-v127-4.25.0.jar
Launcher Type: SUN_STANDARD

[Global flags]
     intx CICompilerCount                          = 4                                         {product} {ergonomic}
     uint ConcGCThreads                            = 3                                         {product} {ergonomic}
     uint G1ConcRefinementThreads                  = 10                                        {product} {ergonomic}
   size_t G1HeapRegionSize                         = 1048576                                   {product} {ergonomic}
    uintx GCDrainStackTargetSize                   = 64                                        {product} {ergonomic}
   size_t InitialHeapSize                          = 123731968                                 {product} {ergonomic}
   size_t MarkStackSize                            = 4194304                                   {product} {ergonomic}
   size_t MaxHeapSize                              = 1971322880                                {product} {ergonomic}
   size_t MaxNewSize                               = 1182793728                                {product} {ergonomic}
   size_t MinHeapDeltaBytes                        = 1048576                                   {product} {ergonomic}
    uintx NonNMethodCodeHeapSize                   = 5836300                                {pd product} {ergonomic}
    uintx NonProfiledCodeHeapSize                  = 122910970                              {pd product} {ergonomic}
    uintx ProfiledCodeHeapSize                     = 122910970                              {pd product} {ergonomic}
    uintx ReservedCodeCacheSize                    = 251658240                              {pd product} {ergonomic}
     bool SegmentedCodeCache                       = true                                      {product} {ergonomic}
     bool UseCompressedClassPointers               = true                                 {lp64_product} {ergonomic}
     bool UseCompressedOops                        = true                                 {lp64_product} {ergonomic}
     bool UseG1GC                                  = true                                      {product} {ergonomic}
     bool UseLargePagesIndividualAllocation        = false                                  {pd product} {ergonomic}

Logging:
Log output configuration:
 #0: stdout all=warning uptime,level,tags
 #1: stderr all=off uptime,level,tags

Environment Variables:
JAVA_HOME=C:\Program Files\Java\jdk-11
PATH=C:/Users/sagar/Downloads/Softwares/eclipse-jee-2023-06-R-win32-x86_64/eclipse//plugins/org.eclipse.justj.openjdk.hotspot.jre.full.win32.x86_64_21.0.5.v20241023-1957/jre/bin/server;C:/Users/sagar/Downloads/Softwares/eclipse-jee-2023-06-R-win32-x86_64/eclipse//plugins/org.eclipse.justj.openjdk.hotspot.jre.full.win32.x86_64_21.0.5.v20241023-1957/jre/bin;C:\Program Files\Microsoft MPI\Bin\;C:\Program Files\Common Files\Oracle\Java\javapath;C:\Program Files (x86)\Common Files\Oracle\Java\java8path;C:\Program Files (x86)\Common Files\Oracle\Java\javapath;C:\Program Files\Java\jdk-11\bin;C:\Program Files\nodejs\node_modules\npm\bin;C:\Program Files\apache-maven-3.9.3\bin;C:\Program Files\apache-maven-3.9.3\bin;C:\Program Files\apache-maven-3.9.3\bin;C:\Program Files\HP\HP One Agent;C:\Program Files\Microsoft SQL Server\Client SDK\ODBC\170\Tools\Binn\;C:\Program Files (x86)\Microsoft SQL Server\150\Tools\Binn\;C:\Program Files\Microsoft SQL Server\150\Tools\Binn\;C:\Program Files\Microsoft SQL Server\150\DTS\Binn\;C:\Program Files (x86)\Microsoft SQL Server\150\DTS\Binn\;C:\Program Files\Azure Data Studio\bin;C:\Windows\system32;C:\Program Files\Git\cmd;C:\Program Files\MySQL\MySQL Shell 8.0\bin\;C:\Users\sagar\AppData\Local\Microsoft\WindowsApps;C:\Users\sagar\AppData\Local\JetBrains\Toolbox\scripts;C:\Users\sagar\AppData\Roaming\npm;C:\Program Files\JetBrains\PyCharm Community Edition 2024.1\bin;;C:\Program Files\Azure Data Studio\bin;;C:\Users\sagar\Downloads\Softwares\eclipse-jee-2023-06-R-win32-x86_64\eclipse;
USERNAME=sagar
OS=Windows_NT
PROCESSOR_IDENTIFIER=AMD64 Family 25 Model 80 Stepping 0, AuthenticAMD



---------------  S Y S T E M  ---------------

OS: Windows 11 , 64 bit Build 22621 (10.0.22621.4391)
Hyper-V role detected

CPU:total 12 (initial active 12) (12 cores per cpu, 2 threads per core) family 25 model 80 stepping 0 microcode 0x0, cmov, cx8, fxsr, mmx, sse, sse2, sse3, ssse3, sse4.1, sse4.2, popcnt, avx, avx2, aes, clmul, erms, mmxext, 3dnowpref, lzcnt, sse4a, ht, tsc, tscinvbit, tscinv, bmi1, bmi2,

Memory: 4k page, system-wide physical 7519M (295M free)
TotalPageFile size 16192M (AvailPageFile size 4M)
current process WorkingSet (physical memory assigned to process): 199M, peak: 199M
current process commit charge ("private bytes"): 283M, peak: 284M

vm_info: Java HotSpot(TM) 64-Bit Server VM (11.0.18+9-LTS-195) for windows-amd64 JRE (11.0.18+9-LTS-195), built on Dec  6 2022 15:50:58 by "mach5one" with MS VC++ 17.1 (VS2022)

END.
